
*** replace <??>::write with Ok(Default::default()) in src/lib.rs:142
*** --- src/lib.rs
+++ replace <??>::write with Ok(Default::default())
@@ -135,18 +135,18 @@
     Aux: InputPin,
     M0: OutputPin,
     M1: OutputPin,
     D: DelayMs<u32>,
 {
     type Error = <S as Write<u8>>::Error;
 
     fn write(&mut self, word: u8) -> nb::Result<(), Self::Error> {
-        self.serial.write(word)
-    }
+Ok(Default::default()) /* ~ changed by cargo-mutants ~ */
+}
 
     fn flush(&mut self) -> nb::Result<(), Self::Error> {
         self.serial.flush()
     }
 }
 
 // TODO consider moving those methods to normal mode,
 // then do the mode switch inside the method.

*** run /home/rafaelbachmann/.rustup/toolchains/nightly-x86_64-unknown-linux-gnu/bin/cargo check --tests
*** cargo result: Exited(0) in 0.216s
*** run /home/rafaelbachmann/.rustup/toolchains/nightly-x86_64-unknown-linux-gnu/bin/cargo build --tests
*** cargo result: Exited(0) in 0.860s
*** run /home/rafaelbachmann/.rustup/toolchains/nightly-x86_64-unknown-linux-gnu/bin/cargo test
*** cargo result: Exited(101) in 2.956ssed_variables)]` on by default

warning: `ebyte-e32` (lib test) generated 1 warning
    Finished dev [unoptimized + debuginfo] target(s) in 0.20s
   Compiling ebyte-e32 v0.2.0 (/tmp/.tmp2qSz5l)
warning: unused variable: `word`
   --> src/lib.rs:142:25
    |
142 |     fn write(&mut self, word: u8) -> nb::Result<(), Self::Error> {
    |                         ^^^^ help: if this is intentional, prefix it with an underscore: `_word`
    |
    = note: `#[warn(unused_variables)]` on by default

warning: `ebyte-e32` (lib test) generated 1 warning
    Finished dev [unoptimized + debuginfo] target(s) in 0.85s
   Compiling ebyte-e32 v0.2.0 (/tmp/.tmp2qSz5l)
warning: unused variable: `word`
   --> src/lib.rs:142:25
    |
142 |     fn write(&mut self, word: u8) -> nb::Result<(), Self::Error> {
    |                         ^^^^ help: if this is intentional, prefix it with an underscore: `_word`
    |
    = note: `#[warn(unused_variables)]` on by default

warning: `ebyte-e32` (lib test) generated 1 warning
warning: `ebyte-e32` (lib) generated 1 warning (1 duplicate)
    Finished test [unoptimized + debuginfo] target(s) in 0.16s
     Running unittests (target/debug/deps/ebyte_e32-d32ca24a8eb391c6)

running 18 tests
test mode::test::id ... ok
test mode::test::pins_program ... ok
test mode::test::pins_normal ... ok
test mode::test::pins_powerdown ... ok
test mode::test::pins_wakeup ... ok
test test::acquire_release ... ok
test test::flushes ... ok
test test::resets ... ok
test test::writes_byte ... FAILED
test model_data::test::model_data_from_to_bytes_roundtrip ... ok
test test::reads_buffer ... ok
test test::writes_buffer ... ok
test test::reads_byte ... ok
test test::read_model::reads_model_data ... ok
test parameters::test::from_to_bytes_roundtrip ... ok
test test::parameters::read_params::reads_parameters ... ok
test test::parameters::read_params::sets_parameters ... ok
test test::parameters::set_params::sets_parameters ... ok

failures:

---- test::writes_byte stdout ----
thread 'test::writes_byte' panicked at 'serial mock has unsatisfied expectations after call to done', /home/rafaelbachmann/.cargo/registry/src/github.com-1ecc6299db9ec823/embedded-hal-mock-0.8.0/src/serial.rs:340:9
note: run with `RUST_BACKTRACE=1` environment variable to display a backtrace
thread 'test::writes_byte' panicked at 'serial mock has unsatisfied expectations after call to done', /home/rafaelbachmann/.cargo/registry/src/github.com-1ecc6299db9ec823/embedded-hal-mock-0.8.0/src/serial.rs:340:9
thread 'test::writes_byte' panicked at 'serial mock has unsatisfied expectations after call to done', /home/rafaelbachmann/.cargo/registry/src/github.com-1ecc6299db9ec823/embedded-hal-mock-0.8.0/src/serial.rs:340:9
thread 'test::writes_byte' panicked at 'serial mock has unsatisfied expectations after call to done', /home/rafaelbachmann/.cargo/registry/src/github.com-1ecc6299db9ec823/embedded-hal-mock-0.8.0/src/serial.rs:340:9
thread 'test::writes_byte' panicked at 'serial mock has unsatisfied expectations after call to done', /home/rafaelbachmann/.cargo/registry/src/github.com-1ecc6299db9ec823/embedded-hal-mock-0.8.0/src/serial.rs:340:9
thread 'test::writes_byte' panicked at 'serial mock has unsatisfied expectations after call to done', /home/rafaelbachmann/.cargo/registry/src/github.com-1ecc6299db9ec823/embedded-hal-mock-0.8.0/src/serial.rs:340:9
thread 'test::writes_byte' panicked at 'serial mock has unsatisfied expectations after call to done', /home/rafaelbachmann/.cargo/registry/src/github.com-1ecc6299db9ec823/embedded-hal-mock-0.8.0/src/serial.rs:340:9
thread 'test::writes_byte' panicked at 'serial mock has unsatisfied expectations after call to done', /home/rafaelbachmann/.cargo/registry/src/github.com-1ecc6299db9ec823/embedded-hal-mock-0.8.0/src/serial.rs:340:9
thread 'test::writes_byte' panicked at 'serial mock has unsatisfied expectations after call to done', /home/rafaelbachmann/.cargo/registry/src/github.com-1ecc6299db9ec823/embedded-hal-mock-0.8.0/src/serial.rs:340:9
thread 'test::writes_byte' panicked at 'Test failed: serial mock has unsatisfied expectations after call to done; minimal failing input: byte = 0
	successes: 0
	local rejects: 0
	global rejects: 0
', src/test/mod.rs:104:1


failures:
    test::writes_byte

test result: FAILED. 17 passed; 1 failed; 0 ignored; 0 measured; 0 filtered out; finished in 2.77s

error: test failed, to rerun pass '--lib'
