
*** replace ModelData::to_bytes with Default::default() in src/model_data.rs:12
*** --- src/model_data.rs
+++ replace ModelData::to_bytes with Default::default()
@@ -5,18 +5,18 @@
 pub struct ModelData {
     pub model: u8,
     pub version: u8,
     pub features: u8,
 }
 
 impl ModelData {
     pub fn to_bytes(self) -> [u8; 3] {
-        [self.model, self.version, self.features]
-    }
+Default::default() /* ~ changed by cargo-mutants ~ */
+}
 
     pub fn from_bytes(bytes: &[u8; 3]) -> Result<Self, Error> {
         Ok(Self {
             model: bytes[0],
             version: bytes[1],
             features: bytes[2],
         })
     }

*** run /home/rafaelbachmann/.rustup/toolchains/nightly-x86_64-unknown-linux-gnu/bin/cargo check --tests
*** cargo result: Exited(0) in 0.252s
*** run /home/rafaelbachmann/.rustup/toolchains/nightly-x86_64-unknown-linux-gnu/bin/cargo build --tests
*** cargo result: Exited(0) in 0.884s
*** run /home/rafaelbachmann/.rustup/toolchains/nightly-x86_64-unknown-linux-gnu/bin/cargo test
*** cargo result: Exited(101) in 2.957s2qSz5l)
    Finished test [unoptimized + debuginfo] target(s) in 0.17s
     Running unittests (target/debug/deps/ebyte_e32-d32ca24a8eb391c6)

running 18 tests
test mode::test::id ... ok
test mode::test::pins_normal ... ok
test mode::test::pins_powerdown ... ok
test mode::test::pins_program ... ok
test mode::test::pins_wakeup ... ok
test test::acquire_release ... ok
test test::flushes ... ok
test test::resets ... ok
test model_data::test::model_data_from_to_bytes_roundtrip ... FAILED
test test::read_model::reads_model_data ... FAILED
test test::writes_byte ... ok
test test::writes_buffer ... ok
test test::reads_buffer ... ok
test test::reads_byte ... ok
test parameters::test::from_to_bytes_roundtrip ... ok
test test::parameters::read_params::sets_parameters ... ok
test test::parameters::read_params::reads_parameters ... ok
test test::parameters::set_params::sets_parameters ... ok

failures:

---- model_data::test::model_data_from_to_bytes_roundtrip stdout ----
thread 'model_data::test::model_data_from_to_bytes_roundtrip' panicked at 'assertion failed: `(left == right)`
  left: `ModelData { model: 40, version: 103, features: 223 }`,
 right: `ModelData { model: 0, version: 0, features: 0 }`', src/model_data.rs:35:13
note: run with `RUST_BACKTRACE=1` environment variable to display a backtrace
thread 'model_data::test::model_data_from_to_bytes_roundtrip' panicked at 'assertion failed: `(left == right)`
  left: `ModelData { model: 20, version: 103, features: 223 }`,
 right: `ModelData { model: 0, version: 0, features: 0 }`', src/model_data.rs:35:13
thread 'model_data::test::model_data_from_to_bytes_roundtrip' panicked at 'assertion failed: `(left == right)`
  left: `ModelData { model: 10, version: 103, features: 223 }`,
 right: `ModelData { model: 0, version: 0, features: 0 }`', src/model_data.rs:35:13
thread 'model_data::test::model_data_from_to_bytes_roundtrip' panicked at 'assertion failed: `(left == right)`
  left: `ModelData { model: 5, version: 103, features: 223 }`,
 right: `ModelData { model: 0, version: 0, features: 0 }`', src/model_data.rs:35:13
thread 'model_data::test::model_data_from_to_bytes_roundtrip' panicked at 'assertion failed: `(left == right)`
  left: `ModelData { model: 2, version: 103, features: 223 }`,
 right: `ModelData { model: 0, version: 0, features: 0 }`', src/model_data.rs:35:13
thread 'model_data::test::model_data_from_to_bytes_roundtrip' panicked at 'assertion failed: `(left == right)`
  left: `ModelData { model: 1, version: 103, features: 223 }`,
 right: `ModelData { model: 0, version: 0, features: 0 }`', src/model_data.rs:35:13
thread 'model_data::test::model_data_from_to_bytes_roundtrip' panicked at 'assertion failed: `(left == right)`
  left: `ModelData { model: 0, version: 103, features: 223 }`,
 right: `ModelData { model: 0, version: 0, features: 0 }`', src/model_data.rs:35:13
thread 'model_data::test::model_data_from_to_bytes_roundtrip' panicked at 'assertion failed: `(left == right)`
  left: `ModelData { model: 0, version: 51, features: 223 }`,
 right: `ModelData { model: 0, version: 0, features: 0 }`', src/model_data.rs:35:13
thread 'model_data::test::model_data_from_to_bytes_roundtrip' panicked at 'assertion failed: `(left == right)`
  left: `ModelData { model: 0, version: 25, features: 223 }`,
 right: `ModelData { model: 0, version: 0, features: 0 }`', src/model_data.rs:35:13
thread 'model_data::test::model_data_from_to_bytes_roundtrip' panicked at 'assertion failed: `(left == right)`
  left: `ModelData { model: 0, version: 12, features: 223 }`,
 right: `ModelData { model: 0, version: 0, features: 0 }`', src/model_data.rs:35:13
thread 'model_data::test::model_data_from_to_bytes_roundtrip' panicked at 'assertion failed: `(left == right)`
  left: `ModelData { model: 0, version: 6, features: 223 }`,
 right: `ModelData { model: 0, version: 0, features: 0 }`', src/model_data.rs:35:13
thread 'model_data::test::model_data_from_to_bytes_roundtrip' panicked at 'assertion failed: `(left == right)`
  left: `ModelData { model: 0, version: 3, features: 223 }`,
 right: `ModelData { model: 0, version: 0, features: 0 }`', src/model_data.rs:35:13
thread 'model_data::test::model_data_from_to_bytes_roundtrip' panicked at 'assertion failed: `(left == right)`
  left: `ModelData { model: 0, version: 1, features: 223 }`,
 right: `ModelData { model: 0, version: 0, features: 0 }`', src/model_data.rs:35:13
thread 'model_data::test::model_data_from_to_bytes_roundtrip' panicked at 'assertion failed: `(left == right)`
  left: `ModelData { model: 0, version: 0, features: 223 }`,
 right: `ModelData { model: 0, version: 0, features: 0 }`', src/model_data.rs:35:13
thread 'model_data::test::model_data_from_to_bytes_roundtrip' panicked at 'assertion failed: `(left == right)`
  left: `ModelData { model: 0, version: 0, features: 111 }`,
 right: `ModelData { model: 0, version: 0, features: 0 }`', src/model_data.rs:35:13
thread 'model_data::test::model_data_from_to_bytes_roundtrip' panicked at 'assertion failed: `(left == right)`
  left: `ModelData { model: 0, version: 0, features: 55 }`,
 right: `ModelData { model: 0, version: 0, features: 0 }`', src/model_data.rs:35:13
thread 'model_data::test::model_data_from_to_bytes_roundtrip' panicked at 'assertion failed: `(left == right)`
  left: `ModelData { model: 0, version: 0, features: 27 }`,
 right: `ModelData { model: 0, version: 0, features: 0 }`', src/model_data.rs:35:13
thread 'model_data::test::model_data_from_to_bytes_roundtrip' panicked at 'assertion failed: `(left == right)`
  left: `ModelData { model: 0, version: 0, features: 13 }`,
 right: `ModelData { model: 0, version: 0, features: 0 }`', src/model_data.rs:35:13
thread 'model_data::test::model_data_from_to_bytes_roundtrip' panicked at 'assertion failed: `(left == right)`
  left: `ModelData { model: 0, version: 0, features: 6 }`,
 right: `ModelData { model: 0, version: 0, features: 0 }`', src/model_data.rs:35:13
thread 'model_data::test::model_data_from_to_bytes_roundtrip' panicked at 'assertion failed: `(left == right)`
  left: `ModelData { model: 0, version: 0, features: 3 }`,
 right: `ModelData { model: 0, version: 0, features: 0 }`', src/model_data.rs:35:13
thread 'model_data::test::model_data_from_to_bytes_roundtrip' panicked at 'assertion failed: `(left == right)`
  left: `ModelData { model: 0, version: 0, features: 1 }`,
 right: `ModelData { model: 0, version: 0, features: 0 }`', src/model_data.rs:35:13
thread 'model_data::test::model_data_from_to_bytes_roundtrip' panicked at 'assertion failed: `(left == right)`
  left: `ModelData { model: 0, version: 0, features: 1 }`,
 right: `ModelData { model: 0, version: 0, features: 0 }`', src/model_data.rs:35:13
proptest: Saving this and future failures in /tmp/.tmp2qSz5l/proptest-regressions/model_data.txt
proptest: If this test was run on a CI system, you may wish to add the following line to your copy of the file. (You may need to create it.)
cc d23f86b9a6a0e1456e7973a612f4a242258e0d2d0b98111521484db648f27099
thread 'model_data::test::model_data_from_to_bytes_roundtrip' panicked at 'Test failed: assertion failed: `(left == right)`
  left: `ModelData { model: 0, version: 0, features: 1 }`,
 right: `ModelData { model: 0, version: 0, features: 0 }`; minimal failing input: model_data = ModelData { model: 0, version: 0, features: 1 }
	successes: 0
	local rejects: 0
	global rejects: 0
', src/model_data.rs:30:5

---- test::read_model::reads_model_data stdout ----
thread 'test::read_model::reads_model_data' panicked at 'assertion failed: `(left == right)`
  left: `ModelData { model: 0, version: 0, features: 0 }`,
 right: `ModelData { model: 178, version: 55, features: 224 }`', src/test/read_model.rs:76:9
thread 'test::read_model::reads_model_data' panicked at 'assertion failed: `(left == right)`
  left: `ModelData { model: 0, version: 0, features: 0 }`,
 right: `ModelData { model: 89, version: 55, features: 224 }`', src/test/read_model.rs:76:9
thread 'test::read_model::reads_model_data' panicked at 'assertion failed: `(left == right)`
  left: `ModelData { model: 0, version: 0, features: 0 }`,
 right: `ModelData { model: 44, version: 55, features: 224 }`', src/test/read_model.rs:76:9
thread 'test::read_model::reads_model_data' panicked at 'assertion failed: `(left == right)`
  left: `ModelData { model: 0, version: 0, features: 0 }`,
 right: `ModelData { model: 22, version: 55, features: 224 }`', src/test/read_model.rs:76:9
thread 'test::read_model::reads_model_data' panicked at 'assertion failed: `(left == right)`
  left: `ModelData { model: 0, version: 0, features: 0 }`,
 right: `ModelData { model: 11, version: 55, features: 224 }`', src/test/read_model.rs:76:9
thread 'test::read_model::reads_model_data' panicked at 'assertion failed: `(left == right)`
  left: `ModelData { model: 0, version: 0, features: 0 }`,
 right: `ModelData { model: 5, version: 55, features: 224 }`', src/test/read_model.rs:76:9
thread 'test::read_model::reads_model_data' panicked at 'assertion failed: `(left == right)`
  left: `ModelData { model: 0, version: 0, features: 0 }`,
 right: `ModelData { model: 2, version: 55, features: 224 }`', src/test/read_model.rs:76:9
thread 'test::read_model::reads_model_data' panicked at 'assertion failed: `(left == right)`
  left: `ModelData { model: 0, version: 0, features: 0 }`,
 right: `ModelData { model: 1, version: 55, features: 224 }`', src/test/read_model.rs:76:9
thread 'test::read_model::reads_model_data' panicked at 'assertion failed: `(left == right)`
  left: `ModelData { model: 0, version: 0, features: 0 }`,
 right: `ModelData { model: 0, version: 55, features: 224 }`', src/test/read_model.rs:76:9
thread 'test::read_model::reads_model_data' panicked at 'assertion failed: `(left == right)`
  left: `ModelData { model: 0, version: 0, features: 0 }`,
 right: `ModelData { model: 0, version: 27, features: 224 }`', src/test/read_model.rs:76:9
thread 'test::read_model::reads_model_data' panicked at 'assertion failed: `(left == right)`
  left: `ModelData { model: 0, version: 0, features: 0 }`,
 right: `ModelData { model: 0, version: 13, features: 224 }`', src/test/read_model.rs:76:9
thread 'test::read_model::reads_model_data' panicked at 'assertion failed: `(left == right)`
  left: `ModelData { model: 0, version: 0, features: 0 }`,
 right: `ModelData { model: 0, version: 6, features: 224 }`', src/test/read_model.rs:76:9
thread 'test::read_model::reads_model_data' panicked at 'assertion failed: `(left == right)`
  left: `ModelData { model: 0, version: 0, features: 0 }`,
 right: `ModelData { model: 0, version: 3, features: 224 }`', src/test/read_model.rs:76:9
thread 'test::read_model::reads_model_data' panicked at 'assertion failed: `(left == right)`
  left: `ModelData { model: 0, version: 0, features: 0 }`,
 right: `ModelData { model: 0, version: 1, features: 224 }`', src/test/read_model.rs:76:9
thread 'test::read_model::reads_model_data' panicked at 'assertion failed: `(left == right)`
  left: `ModelData { model: 0, version: 0, features: 0 }`,
 right: `ModelData { model: 0, version: 0, features: 224 }`', src/test/read_model.rs:76:9
thread 'test::read_model::reads_model_data' panicked at 'assertion failed: `(left == right)`
  left: `ModelData { model: 0, version: 0, features: 0 }`,
 right: `ModelData { model: 0, version: 0, features: 112 }`', src/test/read_model.rs:76:9
thread 'test::read_model::reads_model_data' panicked at 'assertion failed: `(left == right)`
  left: `ModelData { model: 0, version: 0, features: 0 }`,
 right: `ModelData { model: 0, version: 0, features: 56 }`', src/test/read_model.rs:76:9
thread 'test::read_model::reads_model_data' panicked at 'assertion failed: `(left == right)`
  left: `ModelData { model: 0, version: 0, features: 0 }`,
 right: `ModelData { model: 0, version: 0, features: 28 }`', src/test/read_model.rs:76:9
thread 'test::read_model::reads_model_data' panicked at 'assertion failed: `(left == right)`
  left: `ModelData { model: 0, version: 0, features: 0 }`,
 right: `ModelData { model: 0, version: 0, features: 14 }`', src/test/read_model.rs:76:9
thread 'test::read_model::reads_model_data' panicked at 'assertion failed: `(left == right)`
  left: `ModelData { model: 0, version: 0, features: 0 }`,
 right: `ModelData { model: 0, version: 0, features: 7 }`', src/test/read_model.rs:76:9
thread 'test::read_model::reads_model_data' panicked at 'assertion failed: `(left == right)`
  left: `ModelData { model: 0, version: 0, features: 0 }`,
 right: `ModelData { model: 0, version: 0, features: 3 }`', src/test/read_model.rs:76:9
thread 'test::read_model::reads_model_data' panicked at 'assertion failed: `(left == right)`
  left: `ModelData { model: 0, version: 0, features: 0 }`,
 right: `ModelData { model: 0, version: 0, features: 1 }`', src/test/read_model.rs:76:9
thread 'test::read_model::reads_model_data' panicked at 'assertion failed: `(left == right)`
  left: `ModelData { model: 0, version: 0, features: 0 }`,
 right: `ModelData { model: 0, version: 0, features: 1 }`', src/test/read_model.rs:76:9
thread 'test::read_model::reads_model_data' panicked at 'Test failed: assertion failed: `(left == right)`
  left: `ModelData { model: 0, version: 0, features: 0 }`,
 right: `ModelData { model: 0, version: 0, features: 1 }`; minimal failing input: model_data = ModelData { model: 0, version: 0, features: 1 }
	successes: 0
	local rejects: 0
	global rejects: 0
', src/test/read_model.rs:50:1


failures:
    model_data::test::model_data_from_to_bytes_roundtrip
    test::read_model::reads_model_data

test result: FAILED. 16 passed; 2 failed; 0 ignored; 0 measured; 0 filtered out; finished in 2.76s

error: test failed, to rerun pass '--lib'
