
*** replace <??>::until_aux with () in src/lib.rs:243
*** --- src/lib.rs
+++ replace <??>::until_aux with ()
@@ -236,26 +236,18 @@
         let _ = block!(self.serial.write(0xC4));
         let _ = block!(self.serial.write(0xC4));
         let _ = block!(self.serial.write(0xC4));
 
         self.until_aux();
     }
 
     fn until_aux(&mut self) {
-        loop {
-            // TODO timeouts?
-            match self.aux.is_low() {
-                Ok(true) => continue,
-                Ok(false) => break,
-                // TODO error handling.
-                Err(_e) => panic!("failed to wait for aux pin"),
-            }
-        }
-    }
+() /* ~ changed by cargo-mutants ~ */
+}
 
     pub fn into_normal_mode(mut self) -> Ebyte<S, Aux, M0, M1, D, Normal> {
         Normal::set_pins(&mut self.aux, &mut self.m0, &mut self.m1, &mut self.delay);
         Ebyte {
             serial: self.serial,
             aux: self.aux,
             m0: self.m0,
             m1: self.m1,

*** run /home/rafaelbachmann/.rustup/toolchains/nightly-x86_64-unknown-linux-gnu/bin/cargo check --tests
*** cargo result: Exited(0) in 0.301s
*** run /home/rafaelbachmann/.rustup/toolchains/nightly-x86_64-unknown-linux-gnu/bin/cargo build --tests
*** cargo result: Exited(0) in 0.968s
*** run /home/rafaelbachmann/.rustup/toolchains/nightly-x86_64-unknown-linux-gnu/bin/cargo test
*** cargo result: Exited(101) in 2.957sJFXww7)
    Finished test [unoptimized + debuginfo] target(s) in 0.19s
     Running unittests (target/debug/deps/ebyte_e32-067a195f1d2bde63)

running 18 tests
test mode::test::id ... ok
test mode::test::pins_normal ... ok
test mode::test::pins_powerdown ... ok
test mode::test::pins_wakeup ... ok
test mode::test::pins_program ... ok
test test::flushes ... ok
test test::acquire_release ... ok
test test::resets ... FAILED
test test::parameters::set_params::sets_parameters ... FAILED
test model_data::test::model_data_from_to_bytes_roundtrip ... ok
test test::writes_byte ... ok
test test::reads_byte ... ok
test test::reads_buffer ... ok
test test::writes_buffer ... ok
test test::read_model::reads_model_data ... ok
test parameters::test::from_to_bytes_roundtrip ... ok
test test::parameters::read_params::reads_parameters ... ok
test test::parameters::read_params::sets_parameters ... ok

failures:

---- test::resets stdout ----
thread 'test::resets' panicked at 'assertion failed: `(left == right)`
  left: `2`,
 right: `4`: Mock call number(left) and expectations(right) do not match', /home/rafaelbachmann/.cargo/registry/src/github.com-1ecc6299db9ec823/embedded-hal-mock-0.8.0/src/common.rs:56:9
note: run with `RUST_BACKTRACE=1` environment variable to display a backtrace

---- test::parameters::set_params::sets_parameters stdout ----
thread 'test::parameters::set_params::sets_parameters' panicked at 'assertion failed: `(left == right)`
  left: `5`,
 right: `7`: Mock call number(left) and expectations(right) do not match', /home/rafaelbachmann/.cargo/registry/src/github.com-1ecc6299db9ec823/embedded-hal-mock-0.8.0/src/common.rs:56:9
thread 'test::parameters::set_params::sets_parameters' panicked at 'assertion failed: `(left == right)`
  left: `5`,
 right: `7`: Mock call number(left) and expectations(right) do not match', /home/rafaelbachmann/.cargo/registry/src/github.com-1ecc6299db9ec823/embedded-hal-mock-0.8.0/src/common.rs:56:9
thread 'test::parameters::set_params::sets_parameters' panicked at 'assertion failed: `(left == right)`
  left: `5`,
 right: `7`: Mock call number(left) and expectations(right) do not match', /home/rafaelbachmann/.cargo/registry/src/github.com-1ecc6299db9ec823/embedded-hal-mock-0.8.0/src/common.rs:56:9
thread 'test::parameters::set_params::sets_parameters' panicked at 'assertion failed: `(left == right)`
  left: `5`,
 right: `7`: Mock call number(left) and expectations(right) do not match', /home/rafaelbachmann/.cargo/registry/src/github.com-1ecc6299db9ec823/embedded-hal-mock-0.8.0/src/common.rs:56:9
thread 'test::parameters::set_params::sets_parameters' panicked at 'assertion failed: `(left == right)`
  left: `5`,
 right: `7`: Mock call number(left) and expectations(right) do not match', /home/rafaelbachmann/.cargo/registry/src/github.com-1ecc6299db9ec823/embedded-hal-mock-0.8.0/src/common.rs:56:9
thread 'test::parameters::set_params::sets_parameters' panicked at 'assertion failed: `(left == right)`
  left: `5`,
 right: `7`: Mock call number(left) and expectations(right) do not match', /home/rafaelbachmann/.cargo/registry/src/github.com-1ecc6299db9ec823/embedded-hal-mock-0.8.0/src/common.rs:56:9
thread 'test::parameters::set_params::sets_parameters' panicked at 'assertion failed: `(left == right)`
  left: `5`,
 right: `7`: Mock call number(left) and expectations(right) do not match', /home/rafaelbachmann/.cargo/registry/src/github.com-1ecc6299db9ec823/embedded-hal-mock-0.8.0/src/common.rs:56:9
thread 'test::parameters::set_params::sets_parameters' panicked at 'assertion failed: `(left == right)`
  left: `5`,
 right: `7`: Mock call number(left) and expectations(right) do not match', /home/rafaelbachmann/.cargo/registry/src/github.com-1ecc6299db9ec823/embedded-hal-mock-0.8.0/src/common.rs:56:9
thread 'test::parameters::set_params::sets_parameters' panicked at 'assertion failed: `(left == right)`
  left: `5`,
 right: `7`: Mock call number(left) and expectations(right) do not match', /home/rafaelbachmann/.cargo/registry/src/github.com-1ecc6299db9ec823/embedded-hal-mock-0.8.0/src/common.rs:56:9
thread 'test::parameters::set_params::sets_parameters' panicked at 'assertion failed: `(left == right)`
  left: `5`,
 right: `7`: Mock call number(left) and expectations(right) do not match', /home/rafaelbachmann/.cargo/registry/src/github.com-1ecc6299db9ec823/embedded-hal-mock-0.8.0/src/common.rs:56:9
thread 'test::parameters::set_params::sets_parameters' panicked at 'assertion failed: `(left == right)`
  left: `5`,
 right: `7`: Mock call number(left) and expectations(right) do not match', /home/rafaelbachmann/.cargo/registry/src/github.com-1ecc6299db9ec823/embedded-hal-mock-0.8.0/src/common.rs:56:9
thread 'test::parameters::set_params::sets_parameters' panicked at 'assertion failed: `(left == right)`
  left: `5`,
 right: `7`: Mock call number(left) and expectations(right) do not match', /home/rafaelbachmann/.cargo/registry/src/github.com-1ecc6299db9ec823/embedded-hal-mock-0.8.0/src/common.rs:56:9
thread 'test::parameters::set_params::sets_parameters' panicked at 'assertion failed: `(left == right)`
  left: `5`,
 right: `7`: Mock call number(left) and expectations(right) do not match', /home/rafaelbachmann/.cargo/registry/src/github.com-1ecc6299db9ec823/embedded-hal-mock-0.8.0/src/common.rs:56:9
thread 'test::parameters::set_params::sets_parameters' panicked at 'assertion failed: `(left == right)`
  left: `5`,
 right: `7`: Mock call number(left) and expectations(right) do not match', /home/rafaelbachmann/.cargo/registry/src/github.com-1ecc6299db9ec823/embedded-hal-mock-0.8.0/src/common.rs:56:9
thread 'test::parameters::set_params::sets_parameters' panicked at 'assertion failed: `(left == right)`
  left: `5`,
 right: `7`: Mock call number(left) and expectations(right) do not match', /home/rafaelbachmann/.cargo/registry/src/github.com-1ecc6299db9ec823/embedded-hal-mock-0.8.0/src/common.rs:56:9
thread 'test::parameters::set_params::sets_parameters' panicked at 'assertion failed: `(left == right)`
  left: `5`,
 right: `7`: Mock call number(left) and expectations(right) do not match', /home/rafaelbachmann/.cargo/registry/src/github.com-1ecc6299db9ec823/embedded-hal-mock-0.8.0/src/common.rs:56:9
thread 'test::parameters::set_params::sets_parameters' panicked at 'assertion failed: `(left == right)`
  left: `5`,
 right: `7`: Mock call number(left) and expectations(right) do not match', /home/rafaelbachmann/.cargo/registry/src/github.com-1ecc6299db9ec823/embedded-hal-mock-0.8.0/src/common.rs:56:9
thread 'test::parameters::set_params::sets_parameters' panicked at 'assertion failed: `(left == right)`
  left: `5`,
 right: `7`: Mock call number(left) and expectations(right) do not match', /home/rafaelbachmann/.cargo/registry/src/github.com-1ecc6299db9ec823/embedded-hal-mock-0.8.0/src/common.rs:56:9
thread 'test::parameters::set_params::sets_parameters' panicked at 'assertion failed: `(left == right)`
  left: `5`,
 right: `7`: Mock call number(left) and expectations(right) do not match', /home/rafaelbachmann/.cargo/registry/src/github.com-1ecc6299db9ec823/embedded-hal-mock-0.8.0/src/common.rs:56:9
thread 'test::parameters::set_params::sets_parameters' panicked at 'assertion failed: `(left == right)`
  left: `5`,
 right: `7`: Mock call number(left) and expectations(right) do not match', /home/rafaelbachmann/.cargo/registry/src/github.com-1ecc6299db9ec823/embedded-hal-mock-0.8.0/src/common.rs:56:9
thread 'test::parameters::set_params::sets_parameters' panicked at 'assertion failed: `(left == right)`
  left: `5`,
 right: `7`: Mock call number(left) and expectations(right) do not match', /home/rafaelbachmann/.cargo/registry/src/github.com-1ecc6299db9ec823/embedded-hal-mock-0.8.0/src/common.rs:56:9
thread 'test::parameters::set_params::sets_parameters' panicked at 'assertion failed: `(left == right)`
  left: `5`,
 right: `7`: Mock call number(left) and expectations(right) do not match', /home/rafaelbachmann/.cargo/registry/src/github.com-1ecc6299db9ec823/embedded-hal-mock-0.8.0/src/common.rs:56:9
thread 'test::parameters::set_params::sets_parameters' panicked at 'assertion failed: `(left == right)`
  left: `5`,
 right: `7`: Mock call number(left) and expectations(right) do not match', /home/rafaelbachmann/.cargo/registry/src/github.com-1ecc6299db9ec823/embedded-hal-mock-0.8.0/src/common.rs:56:9
thread 'test::parameters::set_params::sets_parameters' panicked at 'assertion failed: `(left == right)`
  left: `5`,
 right: `7`: Mock call number(left) and expectations(right) do not match', /home/rafaelbachmann/.cargo/registry/src/github.com-1ecc6299db9ec823/embedded-hal-mock-0.8.0/src/common.rs:56:9
thread 'test::parameters::set_params::sets_parameters' panicked at 'assertion failed: `(left == right)`
  left: `5`,
 right: `7`: Mock call number(left) and expectations(right) do not match', /home/rafaelbachmann/.cargo/registry/src/github.com-1ecc6299db9ec823/embedded-hal-mock-0.8.0/src/common.rs:56:9
thread 'test::parameters::set_params::sets_parameters' panicked at 'assertion failed: `(left == right)`
  left: `5`,
 right: `7`: Mock call number(left) and expectations(right) do not match', /home/rafaelbachmann/.cargo/registry/src/github.com-1ecc6299db9ec823/embedded-hal-mock-0.8.0/src/common.rs:56:9
thread 'test::parameters::set_params::sets_parameters' panicked at 'assertion failed: `(left == right)`
  left: `5`,
 right: `7`: Mock call number(left) and expectations(right) do not match', /home/rafaelbachmann/.cargo/registry/src/github.com-1ecc6299db9ec823/embedded-hal-mock-0.8.0/src/common.rs:56:9
thread 'test::parameters::set_params::sets_parameters' panicked at 'assertion failed: `(left == right)`
  left: `5`,
 right: `7`: Mock call number(left) and expectations(right) do not match', /home/rafaelbachmann/.cargo/registry/src/github.com-1ecc6299db9ec823/embedded-hal-mock-0.8.0/src/common.rs:56:9
thread 'test::parameters::set_params::sets_parameters' panicked at 'assertion failed: `(left == right)`
  left: `5`,
 right: `7`: Mock call number(left) and expectations(right) do not match', /home/rafaelbachmann/.cargo/registry/src/github.com-1ecc6299db9ec823/embedded-hal-mock-0.8.0/src/common.rs:56:9
thread 'test::parameters::set_params::sets_parameters' panicked at 'assertion failed: `(left == right)`
  left: `5`,
 right: `7`: Mock call number(left) and expectations(right) do not match', /home/rafaelbachmann/.cargo/registry/src/github.com-1ecc6299db9ec823/embedded-hal-mock-0.8.0/src/common.rs:56:9
thread 'test::parameters::set_params::sets_parameters' panicked at 'assertion failed: `(left == right)`
  left: `5`,
 right: `7`: Mock call number(left) and expectations(right) do not match', /home/rafaelbachmann/.cargo/registry/src/github.com-1ecc6299db9ec823/embedded-hal-mock-0.8.0/src/common.rs:56:9
thread 'test::parameters::set_params::sets_parameters' panicked at 'assertion failed: `(left == right)`
  left: `5`,
 right: `7`: Mock call number(left) and expectations(right) do not match', /home/rafaelbachmann/.cargo/registry/src/github.com-1ecc6299db9ec823/embedded-hal-mock-0.8.0/src/common.rs:56:9
thread 'test::parameters::set_params::sets_parameters' panicked at 'assertion failed: `(left == right)`
  left: `5`,
 right: `7`: Mock call number(left) and expectations(right) do not match', /home/rafaelbachmann/.cargo/registry/src/github.com-1ecc6299db9ec823/embedded-hal-mock-0.8.0/src/common.rs:56:9
thread 'test::parameters::set_params::sets_parameters' panicked at 'assertion failed: `(left == right)`
  left: `5`,
 right: `7`: Mock call number(left) and expectations(right) do not match', /home/rafaelbachmann/.cargo/registry/src/github.com-1ecc6299db9ec823/embedded-hal-mock-0.8.0/src/common.rs:56:9
thread 'test::parameters::set_params::sets_parameters' panicked at 'assertion failed: `(left == right)`
  left: `5`,
 right: `7`: Mock call number(left) and expectations(right) do not match', /home/rafaelbachmann/.cargo/registry/src/github.com-1ecc6299db9ec823/embedded-hal-mock-0.8.0/src/common.rs:56:9
thread 'test::parameters::set_params::sets_parameters' panicked at 'assertion failed: `(left == right)`
  left: `5`,
 right: `7`: Mock call number(left) and expectations(right) do not match', /home/rafaelbachmann/.cargo/registry/src/github.com-1ecc6299db9ec823/embedded-hal-mock-0.8.0/src/common.rs:56:9
thread 'test::parameters::set_params::sets_parameters' panicked at 'assertion failed: `(left == right)`
  left: `5`,
 right: `7`: Mock call number(left) and expectations(right) do not match', /home/rafaelbachmann/.cargo/registry/src/github.com-1ecc6299db9ec823/embedded-hal-mock-0.8.0/src/common.rs:56:9
thread 'test::parameters::set_params::sets_parameters' panicked at 'Test failed: assertion failed: `(left == right)`
  left: `5`,
 right: `7`: Mock call number(left) and expectations(right) do not match; minimal failing input: parameters = Parameters { address: 0, channel: 0, uart_parity: None, uart_rate: Bps1200, air_rate: Bps300, transmission_mode: Transparent, io_drive_mode: PushPull, wakeup_time: Ms250, fec: On, transmission_power: Dbm30 }, persistence = Temporary
	successes: 0
	local rejects: 0
	global rejects: 0
', src/test/parameters/set_params.rs:67:1


failures:
    test::parameters::set_params::sets_parameters
    test::resets

test result: FAILED. 16 passed; 2 failed; 0 ignored; 0 measured; 0 filtered out; finished in 2.75s

error: test failed, to rerun pass '--lib'
