
*** replace <??>::set_parameters with Ok(Default::default()) in src/lib.rs:134
*** --- src/lib.rs
+++ replace <??>::set_parameters with Ok(Default::default())
@@ -127,21 +127,18 @@
         if save != 0xC0 {
             return Err(Error::ReadParameters);
         }
         let params = Parameters::from_bytes(&bytes)?;
         Ok(params)
     }
 
     pub fn set_parameters(&mut self, params: &Parameters, mode: Persistence) -> Result<(), Error> {
-        Program::set_pins(&mut self.aux, &mut self.m0, &mut self.m1, &mut self.delay);
-        let result = self.write_parameters(params, mode);
-        Normal::set_pins(&mut self.aux, &mut self.m0, &mut self.m1, &mut self.delay);
-        result
-    }
+Ok(Default::default()) /* ~ changed by cargo-mutants ~ */
+}
 
     fn write_parameters(&mut self, params: &Parameters, mode: Persistence) -> Result<(), Error> {
         let persistence = u8::from(mode);
         block!(self.serial.write(persistence)).map_err(|_| Error::SerialWrite)?;
 
         let bytes: [u8; 5] = params.to_bytes();
         block!(self.serial.write(bytes[0])).map_err(|_| Error::SerialWrite)?;
         block!(self.serial.write(bytes[1])).map_err(|_| Error::SerialWrite)?;

*** run /home/rafaelbachmann/.rustup/toolchains/stable-x86_64-unknown-linux-gnu/bin/cargo check --tests
*** cargo result: Exited(0) in 0.333s
*** run /home/rafaelbachmann/.rustup/toolchains/stable-x86_64-unknown-linux-gnu/bin/cargo build --tests
*** cargo result: Exited(0) in 1.305s
*** run /home/rafaelbachmann/.rustup/toolchains/stable-x86_64-unknown-linux-gnu/bin/cargo test
*** cargo result: Exited(101) in 2.756san underscore: `_params`
    |
    = note: `#[warn(unused_variables)]` on by default

warning: unused variable: `mode`
   --> src/lib.rs:134:59
    |
134 |     pub fn set_parameters(&mut self, params: &Parameters, mode: Persistence) -> Result<(), Error> {
    |                                                           ^^^^ help: if this is intentional, prefix it with an underscore: `_mode`

warning: associated function is never used: `write_parameters`
   --> src/lib.rs:138:8
    |
138 |     fn write_parameters(&mut self, params: &Parameters, mode: Persistence) -> Result<(), Error> {
    |        ^^^^^^^^^^^^^^^^
    |
    = note: `#[warn(dead_code)]` on by default

warning: `ebyte-e32` (lib test) generated 3 warnings
    Finished dev [unoptimized + debuginfo] target(s) in 0.31s
   Compiling ebyte-e32 v0.2.0 (/tmp/.tmpOK8bDN)
warning: unused variable: `params`
   --> src/lib.rs:134:38
    |
134 |     pub fn set_parameters(&mut self, params: &Parameters, mode: Persistence) -> Result<(), Error> {
    |                                      ^^^^^^ help: if this is intentional, prefix it with an underscore: `_params`
    |
    = note: `#[warn(unused_variables)]` on by default

warning: unused variable: `mode`
   --> src/lib.rs:134:59
    |
134 |     pub fn set_parameters(&mut self, params: &Parameters, mode: Persistence) -> Result<(), Error> {
    |                                                           ^^^^ help: if this is intentional, prefix it with an underscore: `_mode`

warning: associated function is never used: `write_parameters`
   --> src/lib.rs:138:8
    |
138 |     fn write_parameters(&mut self, params: &Parameters, mode: Persistence) -> Result<(), Error> {
    |        ^^^^^^^^^^^^^^^^
    |
    = note: `#[warn(dead_code)]` on by default

warning: `ebyte-e32` (lib test) generated 3 warnings
    Finished dev [unoptimized + debuginfo] target(s) in 1.30s
   Compiling ebyte-e32 v0.2.0 (/tmp/.tmpOK8bDN)
warning: unused variable: `params`
   --> src/lib.rs:134:38
    |
134 |     pub fn set_parameters(&mut self, params: &Parameters, mode: Persistence) -> Result<(), Error> {
    |                                      ^^^^^^ help: if this is intentional, prefix it with an underscore: `_params`
    |
    = note: `#[warn(unused_variables)]` on by default

warning: unused variable: `mode`
   --> src/lib.rs:134:59
    |
134 |     pub fn set_parameters(&mut self, params: &Parameters, mode: Persistence) -> Result<(), Error> {
    |                                                           ^^^^ help: if this is intentional, prefix it with an underscore: `_mode`

warning: associated function is never used: `write_parameters`
   --> src/lib.rs:138:8
    |
138 |     fn write_parameters(&mut self, params: &Parameters, mode: Persistence) -> Result<(), Error> {
    |        ^^^^^^^^^^^^^^^^
    |
    = note: `#[warn(dead_code)]` on by default

warning: `ebyte-e32` (lib test) generated 3 warnings
warning: `ebyte-e32` (lib) generated 3 warnings (3 duplicates)
    Finished test [unoptimized + debuginfo] target(s) in 0.24s
     Running unittests (target/debug/deps/ebyte_e32-fa871f114a226b67)

running 17 tests
test mode::test::id ... ok
test mode::test::pins_normal ... ok
test mode::test::pins_powerdown ... ok
test mode::test::pins_wakeup ... ok
test mode::test::pins_program ... ok
test test::acquire_release ... ok
test test::flushes ... ok
test test::resets ... ok
test test::parameters::write::sets_parameters ... FAILED
test test::writes_byte ... ok
test model_data::test::model_data_from_to_bytes_roundtrip ... ok
test test::writes_buffer ... ok
test test::reads_byte ... ok
test test::reads_buffer ... ok
test test::read_model::reads_model_data ... ok
test parameters::test::from_to_bytes_roundtrip ... ok
test test::parameters::read::reads_parameters ... ok

failures:

---- test::parameters::write::sets_parameters stdout ----
thread 'test::parameters::write::sets_parameters' panicked at 'serial mock has unsatisfied expectations after call to done', /home/rafaelbachmann/.cargo/registry/src/github.com-1ecc6299db9ec823/embedded-hal-mock-0.8.0/src/serial.rs:340:9
note: run with `RUST_BACKTRACE=1` environment variable to display a backtrace
thread 'test::parameters::write::sets_parameters' panicked at 'serial mock has unsatisfied expectations after call to done', /home/rafaelbachmann/.cargo/registry/src/github.com-1ecc6299db9ec823/embedded-hal-mock-0.8.0/src/serial.rs:340:9
thread 'test::parameters::write::sets_parameters' panicked at 'serial mock has unsatisfied expectations after call to done', /home/rafaelbachmann/.cargo/registry/src/github.com-1ecc6299db9ec823/embedded-hal-mock-0.8.0/src/serial.rs:340:9
thread 'test::parameters::write::sets_parameters' panicked at 'serial mock has unsatisfied expectations after call to done', /home/rafaelbachmann/.cargo/registry/src/github.com-1ecc6299db9ec823/embedded-hal-mock-0.8.0/src/serial.rs:340:9
thread 'test::parameters::write::sets_parameters' panicked at 'serial mock has unsatisfied expectations after call to done', /home/rafaelbachmann/.cargo/registry/src/github.com-1ecc6299db9ec823/embedded-hal-mock-0.8.0/src/serial.rs:340:9
thread 'test::parameters::write::sets_parameters' panicked at 'serial mock has unsatisfied expectations after call to done', /home/rafaelbachmann/.cargo/registry/src/github.com-1ecc6299db9ec823/embedded-hal-mock-0.8.0/src/serial.rs:340:9
thread 'test::parameters::write::sets_parameters' panicked at 'serial mock has unsatisfied expectations after call to done', /home/rafaelbachmann/.cargo/registry/src/github.com-1ecc6299db9ec823/embedded-hal-mock-0.8.0/src/serial.rs:340:9
thread 'test::parameters::write::sets_parameters' panicked at 'serial mock has unsatisfied expectations after call to done', /home/rafaelbachmann/.cargo/registry/src/github.com-1ecc6299db9ec823/embedded-hal-mock-0.8.0/src/serial.rs:340:9
thread 'test::parameters::write::sets_parameters' panicked at 'serial mock has unsatisfied expectations after call to done', /home/rafaelbachmann/.cargo/registry/src/github.com-1ecc6299db9ec823/embedded-hal-mock-0.8.0/src/serial.rs:340:9
thread 'test::parameters::write::sets_parameters' panicked at 'serial mock has unsatisfied expectations after call to done', /home/rafaelbachmann/.cargo/registry/src/github.com-1ecc6299db9ec823/embedded-hal-mock-0.8.0/src/serial.rs:340:9
thread 'test::parameters::write::sets_parameters' panicked at 'serial mock has unsatisfied expectations after call to done', /home/rafaelbachmann/.cargo/registry/src/github.com-1ecc6299db9ec823/embedded-hal-mock-0.8.0/src/serial.rs:340:9
thread 'test::parameters::write::sets_parameters' panicked at 'serial mock has unsatisfied expectations after call to done', /home/rafaelbachmann/.cargo/registry/src/github.com-1ecc6299db9ec823/embedded-hal-mock-0.8.0/src/serial.rs:340:9
thread 'test::parameters::write::sets_parameters' panicked at 'serial mock has unsatisfied expectations after call to done', /home/rafaelbachmann/.cargo/registry/src/github.com-1ecc6299db9ec823/embedded-hal-mock-0.8.0/src/serial.rs:340:9
thread 'test::parameters::write::sets_parameters' panicked at 'serial mock has unsatisfied expectations after call to done', /home/rafaelbachmann/.cargo/registry/src/github.com-1ecc6299db9ec823/embedded-hal-mock-0.8.0/src/serial.rs:340:9
thread 'test::parameters::write::sets_parameters' panicked at 'serial mock has unsatisfied expectations after call to done', /home/rafaelbachmann/.cargo/registry/src/github.com-1ecc6299db9ec823/embedded-hal-mock-0.8.0/src/serial.rs:340:9
thread 'test::parameters::write::sets_parameters' panicked at 'serial mock has unsatisfied expectations after call to done', /home/rafaelbachmann/.cargo/registry/src/github.com-1ecc6299db9ec823/embedded-hal-mock-0.8.0/src/serial.rs:340:9
thread 'test::parameters::write::sets_parameters' panicked at 'serial mock has unsatisfied expectations after call to done', /home/rafaelbachmann/.cargo/registry/src/github.com-1ecc6299db9ec823/embedded-hal-mock-0.8.0/src/serial.rs:340:9
thread 'test::parameters::write::sets_parameters' panicked at 'serial mock has unsatisfied expectations after call to done', /home/rafaelbachmann/.cargo/registry/src/github.com-1ecc6299db9ec823/embedded-hal-mock-0.8.0/src/serial.rs:340:9
thread 'test::parameters::write::sets_parameters' panicked at 'serial mock has unsatisfied expectations after call to done', /home/rafaelbachmann/.cargo/registry/src/github.com-1ecc6299db9ec823/embedded-hal-mock-0.8.0/src/serial.rs:340:9
thread 'test::parameters::write::sets_parameters' panicked at 'serial mock has unsatisfied expectations after call to done', /home/rafaelbachmann/.cargo/registry/src/github.com-1ecc6299db9ec823/embedded-hal-mock-0.8.0/src/serial.rs:340:9
thread 'test::parameters::write::sets_parameters' panicked at 'serial mock has unsatisfied expectations after call to done', /home/rafaelbachmann/.cargo/registry/src/github.com-1ecc6299db9ec823/embedded-hal-mock-0.8.0/src/serial.rs:340:9
thread 'test::parameters::write::sets_parameters' panicked at 'serial mock has unsatisfied expectations after call to done', /home/rafaelbachmann/.cargo/registry/src/github.com-1ecc6299db9ec823/embedded-hal-mock-0.8.0/src/serial.rs:340:9
thread 'test::parameters::write::sets_parameters' panicked at 'serial mock has unsatisfied expectations after call to done', /home/rafaelbachmann/.cargo/registry/src/github.com-1ecc6299db9ec823/embedded-hal-mock-0.8.0/src/serial.rs:340:9
thread 'test::parameters::write::sets_parameters' panicked at 'serial mock has unsatisfied expectations after call to done', /home/rafaelbachmann/.cargo/registry/src/github.com-1ecc6299db9ec823/embedded-hal-mock-0.8.0/src/serial.rs:340:9
thread 'test::parameters::write::sets_parameters' panicked at 'serial mock has unsatisfied expectations after call to done', /home/rafaelbachmann/.cargo/registry/src/github.com-1ecc6299db9ec823/embedded-hal-mock-0.8.0/src/serial.rs:340:9
thread 'test::parameters::write::sets_parameters' panicked at 'serial mock has unsatisfied expectations after call to done', /home/rafaelbachmann/.cargo/registry/src/github.com-1ecc6299db9ec823/embedded-hal-mock-0.8.0/src/serial.rs:340:9
thread 'test::parameters::write::sets_parameters' panicked at 'serial mock has unsatisfied expectations after call to done', /home/rafaelbachmann/.cargo/registry/src/github.com-1ecc6299db9ec823/embedded-hal-mock-0.8.0/src/serial.rs:340:9
thread 'test::parameters::write::sets_parameters' panicked at 'serial mock has unsatisfied expectations after call to done', /home/rafaelbachmann/.cargo/registry/src/github.com-1ecc6299db9ec823/embedded-hal-mock-0.8.0/src/serial.rs:340:9
thread 'test::parameters::write::sets_parameters' panicked at 'serial mock has unsatisfied expectations after call to done', /home/rafaelbachmann/.cargo/registry/src/github.com-1ecc6299db9ec823/embedded-hal-mock-0.8.0/src/serial.rs:340:9
thread 'test::parameters::write::sets_parameters' panicked at 'serial mock has unsatisfied expectations after call to done', /home/rafaelbachmann/.cargo/registry/src/github.com-1ecc6299db9ec823/embedded-hal-mock-0.8.0/src/serial.rs:340:9
proptest: Saving this and future failures in /tmp/.tmpOK8bDN/proptest-regressions/test/parameters/write.txt
proptest: If this test was run on a CI system, you may wish to add the following line to your copy of the file. (You may need to create it.)
cc 1bd40496fb872e2effee51ba397e63e6bad2d6ab9bc40a553b2d97f3b4fe7e97
thread 'test::parameters::write::sets_parameters' panicked at 'Test failed: serial mock has unsatisfied expectations after call to done; minimal failing input: parameters = Parameters { address: 0, channel: 0, uart_parity: None, uart_rate: Bps1200, air_rate: Bps300, transmission_mode: Transparent, io_drive_mode: PushPull, wakeup_time: Ms250, fec: On, transmission_power: Dbm30 }, persistence = Temporary
	successes: 0
	local rejects: 0
	global rejects: 0
', src/test/parameters/write.rs:67:1


failures:
    test::parameters::write::sets_parameters

test result: FAILED. 16 passed; 1 failed; 0 ignored; 0 measured; 0 filtered out; finished in 2.51s

error: test failed, to rerun pass '--lib'
