
*** replace ModelData::to_bytes with Default::default() in src/model_data.rs:12
*** --- src/model_data.rs
+++ replace ModelData::to_bytes with Default::default()
@@ -5,18 +5,18 @@
 pub struct ModelData {
     pub model: u8,
     pub version: u8,
     pub features: u8,
 }
 
 impl ModelData {
     pub fn to_bytes(self) -> [u8; 3] {
-        [self.model, self.version, self.features]
-    }
+Default::default() /* ~ changed by cargo-mutants ~ */
+}
 
     pub fn from_bytes(bytes: &[u8; 3]) -> Result<Self, Error> {
         Ok(Self {
             model: bytes[0],
             version: bytes[1],
             features: bytes[2],
         })
     }

*** run /home/rafaelbachmann/.rustup/toolchains/nightly-x86_64-unknown-linux-gnu/bin/cargo check --tests
*** cargo result: Exited(0) in 0.251s
*** run /home/rafaelbachmann/.rustup/toolchains/nightly-x86_64-unknown-linux-gnu/bin/cargo build --tests
*** cargo result: Exited(0) in 0.852s
*** run /home/rafaelbachmann/.rustup/toolchains/nightly-x86_64-unknown-linux-gnu/bin/cargo test
*** cargo result: Exited(101) in 3.021spZEA6P)
    Finished test [unoptimized + debuginfo] target(s) in 0.18s
     Running unittests (target/debug/deps/ebyte_e32-067a195f1d2bde63)

running 18 tests
test mode::test::id ... ok
test mode::test::pins_normal ... ok
test mode::test::pins_powerdown ... ok
test mode::test::pins_program ... ok
test mode::test::pins_wakeup ... ok
test test::acquire_release ... ok
test test::flushes ... ok
test test::resets ... ok
test model_data::test::model_data_from_to_bytes_roundtrip ... FAILED
test test::read_model::reads_model_data ... FAILED
test test::writes_byte ... ok
test test::reads_buffer ... ok
test test::reads_byte ... ok
test test::writes_buffer ... ok
test parameters::test::from_to_bytes_roundtrip ... ok
test test::parameters::read_params::reads_parameters ... ok
test test::parameters::read_params::sets_parameters ... ok
test test::parameters::set_params::sets_parameters ... ok

failures:

---- model_data::test::model_data_from_to_bytes_roundtrip stdout ----
thread 'model_data::test::model_data_from_to_bytes_roundtrip' panicked at 'assertion failed: `(left == right)`
  left: `ModelData { model: 48, version: 38, features: 7 }`,
 right: `ModelData { model: 0, version: 0, features: 0 }`', src/model_data.rs:35:13
note: run with `RUST_BACKTRACE=1` environment variable to display a backtrace
thread 'model_data::test::model_data_from_to_bytes_roundtrip' panicked at 'assertion failed: `(left == right)`
  left: `ModelData { model: 24, version: 38, features: 7 }`,
 right: `ModelData { model: 0, version: 0, features: 0 }`', src/model_data.rs:35:13
thread 'model_data::test::model_data_from_to_bytes_roundtrip' panicked at 'assertion failed: `(left == right)`
  left: `ModelData { model: 12, version: 38, features: 7 }`,
 right: `ModelData { model: 0, version: 0, features: 0 }`', src/model_data.rs:35:13
thread 'model_data::test::model_data_from_to_bytes_roundtrip' panicked at 'assertion failed: `(left == right)`
  left: `ModelData { model: 6, version: 38, features: 7 }`,
 right: `ModelData { model: 0, version: 0, features: 0 }`', src/model_data.rs:35:13
thread 'model_data::test::model_data_from_to_bytes_roundtrip' panicked at 'assertion failed: `(left == right)`
  left: `ModelData { model: 3, version: 38, features: 7 }`,
 right: `ModelData { model: 0, version: 0, features: 0 }`', src/model_data.rs:35:13
thread 'model_data::test::model_data_from_to_bytes_roundtrip' panicked at 'assertion failed: `(left == right)`
  left: `ModelData { model: 1, version: 38, features: 7 }`,
 right: `ModelData { model: 0, version: 0, features: 0 }`', src/model_data.rs:35:13
thread 'model_data::test::model_data_from_to_bytes_roundtrip' panicked at 'assertion failed: `(left == right)`
  left: `ModelData { model: 0, version: 38, features: 7 }`,
 right: `ModelData { model: 0, version: 0, features: 0 }`', src/model_data.rs:35:13
thread 'model_data::test::model_data_from_to_bytes_roundtrip' panicked at 'assertion failed: `(left == right)`
  left: `ModelData { model: 0, version: 19, features: 7 }`,
 right: `ModelData { model: 0, version: 0, features: 0 }`', src/model_data.rs:35:13
thread 'model_data::test::model_data_from_to_bytes_roundtrip' panicked at 'assertion failed: `(left == right)`
  left: `ModelData { model: 0, version: 9, features: 7 }`,
 right: `ModelData { model: 0, version: 0, features: 0 }`', src/model_data.rs:35:13
thread 'model_data::test::model_data_from_to_bytes_roundtrip' panicked at 'assertion failed: `(left == right)`
  left: `ModelData { model: 0, version: 4, features: 7 }`,
 right: `ModelData { model: 0, version: 0, features: 0 }`', src/model_data.rs:35:13
thread 'model_data::test::model_data_from_to_bytes_roundtrip' panicked at 'assertion failed: `(left == right)`
  left: `ModelData { model: 0, version: 2, features: 7 }`,
 right: `ModelData { model: 0, version: 0, features: 0 }`', src/model_data.rs:35:13
thread 'model_data::test::model_data_from_to_bytes_roundtrip' panicked at 'assertion failed: `(left == right)`
  left: `ModelData { model: 0, version: 1, features: 7 }`,
 right: `ModelData { model: 0, version: 0, features: 0 }`', src/model_data.rs:35:13
thread 'model_data::test::model_data_from_to_bytes_roundtrip' panicked at 'assertion failed: `(left == right)`
  left: `ModelData { model: 0, version: 0, features: 7 }`,
 right: `ModelData { model: 0, version: 0, features: 0 }`', src/model_data.rs:35:13
thread 'model_data::test::model_data_from_to_bytes_roundtrip' panicked at 'assertion failed: `(left == right)`
  left: `ModelData { model: 0, version: 0, features: 3 }`,
 right: `ModelData { model: 0, version: 0, features: 0 }`', src/model_data.rs:35:13
thread 'model_data::test::model_data_from_to_bytes_roundtrip' panicked at 'assertion failed: `(left == right)`
  left: `ModelData { model: 0, version: 0, features: 1 }`,
 right: `ModelData { model: 0, version: 0, features: 0 }`', src/model_data.rs:35:13
thread 'model_data::test::model_data_from_to_bytes_roundtrip' panicked at 'assertion failed: `(left == right)`
  left: `ModelData { model: 0, version: 0, features: 1 }`,
 right: `ModelData { model: 0, version: 0, features: 0 }`', src/model_data.rs:35:13
proptest: Saving this and future failures in /tmp/.tmppZEA6P/proptest-regressions/model_data.txt
proptest: If this test was run on a CI system, you may wish to add the following line to your copy of the file. (You may need to create it.)
cc eebb9aaf4d7c9e336c14955ec1a83dcb5ade3fa588eb1b217f7f9b51b4be66a7
thread 'model_data::test::model_data_from_to_bytes_roundtrip' panicked at 'Test failed: assertion failed: `(left == right)`
  left: `ModelData { model: 0, version: 0, features: 1 }`,
 right: `ModelData { model: 0, version: 0, features: 0 }`; minimal failing input: model_data = ModelData { model: 0, version: 0, features: 1 }
	successes: 0
	local rejects: 0
	global rejects: 0
', src/model_data.rs:30:5

---- test::read_model::reads_model_data stdout ----
thread 'test::read_model::reads_model_data' panicked at 'assertion failed: `(left == right)`
  left: `ModelData { model: 0, version: 0, features: 0 }`,
 right: `ModelData { model: 6, version: 128, features: 145 }`', src/test/read_model.rs:76:9
thread 'test::read_model::reads_model_data' panicked at 'assertion failed: `(left == right)`
  left: `ModelData { model: 0, version: 0, features: 0 }`,
 right: `ModelData { model: 3, version: 128, features: 145 }`', src/test/read_model.rs:76:9
thread 'test::read_model::reads_model_data' panicked at 'assertion failed: `(left == right)`
  left: `ModelData { model: 0, version: 0, features: 0 }`,
 right: `ModelData { model: 1, version: 128, features: 145 }`', src/test/read_model.rs:76:9
thread 'test::read_model::reads_model_data' panicked at 'assertion failed: `(left == right)`
  left: `ModelData { model: 0, version: 0, features: 0 }`,
 right: `ModelData { model: 0, version: 128, features: 145 }`', src/test/read_model.rs:76:9
thread 'test::read_model::reads_model_data' panicked at 'assertion failed: `(left == right)`
  left: `ModelData { model: 0, version: 0, features: 0 }`,
 right: `ModelData { model: 0, version: 64, features: 145 }`', src/test/read_model.rs:76:9
thread 'test::read_model::reads_model_data' panicked at 'assertion failed: `(left == right)`
  left: `ModelData { model: 0, version: 0, features: 0 }`,
 right: `ModelData { model: 0, version: 32, features: 145 }`', src/test/read_model.rs:76:9
thread 'test::read_model::reads_model_data' panicked at 'assertion failed: `(left == right)`
  left: `ModelData { model: 0, version: 0, features: 0 }`,
 right: `ModelData { model: 0, version: 16, features: 145 }`', src/test/read_model.rs:76:9
thread 'test::read_model::reads_model_data' panicked at 'assertion failed: `(left == right)`
  left: `ModelData { model: 0, version: 0, features: 0 }`,
 right: `ModelData { model: 0, version: 8, features: 145 }`', src/test/read_model.rs:76:9
thread 'test::read_model::reads_model_data' panicked at 'assertion failed: `(left == right)`
  left: `ModelData { model: 0, version: 0, features: 0 }`,
 right: `ModelData { model: 0, version: 4, features: 145 }`', src/test/read_model.rs:76:9
thread 'test::read_model::reads_model_data' panicked at 'assertion failed: `(left == right)`
  left: `ModelData { model: 0, version: 0, features: 0 }`,
 right: `ModelData { model: 0, version: 2, features: 145 }`', src/test/read_model.rs:76:9
thread 'test::read_model::reads_model_data' panicked at 'assertion failed: `(left == right)`
  left: `ModelData { model: 0, version: 0, features: 0 }`,
 right: `ModelData { model: 0, version: 1, features: 145 }`', src/test/read_model.rs:76:9
thread 'test::read_model::reads_model_data' panicked at 'assertion failed: `(left == right)`
  left: `ModelData { model: 0, version: 0, features: 0 }`,
 right: `ModelData { model: 0, version: 0, features: 145 }`', src/test/read_model.rs:76:9
thread 'test::read_model::reads_model_data' panicked at 'assertion failed: `(left == right)`
  left: `ModelData { model: 0, version: 0, features: 0 }`,
 right: `ModelData { model: 0, version: 0, features: 72 }`', src/test/read_model.rs:76:9
thread 'test::read_model::reads_model_data' panicked at 'assertion failed: `(left == right)`
  left: `ModelData { model: 0, version: 0, features: 0 }`,
 right: `ModelData { model: 0, version: 0, features: 36 }`', src/test/read_model.rs:76:9
thread 'test::read_model::reads_model_data' panicked at 'assertion failed: `(left == right)`
  left: `ModelData { model: 0, version: 0, features: 0 }`,
 right: `ModelData { model: 0, version: 0, features: 18 }`', src/test/read_model.rs:76:9
thread 'test::read_model::reads_model_data' panicked at 'assertion failed: `(left == right)`
  left: `ModelData { model: 0, version: 0, features: 0 }`,
 right: `ModelData { model: 0, version: 0, features: 9 }`', src/test/read_model.rs:76:9
thread 'test::read_model::reads_model_data' panicked at 'assertion failed: `(left == right)`
  left: `ModelData { model: 0, version: 0, features: 0 }`,
 right: `ModelData { model: 0, version: 0, features: 4 }`', src/test/read_model.rs:76:9
thread 'test::read_model::reads_model_data' panicked at 'assertion failed: `(left == right)`
  left: `ModelData { model: 0, version: 0, features: 0 }`,
 right: `ModelData { model: 0, version: 0, features: 2 }`', src/test/read_model.rs:76:9
thread 'test::read_model::reads_model_data' panicked at 'assertion failed: `(left == right)`
  left: `ModelData { model: 0, version: 0, features: 0 }`,
 right: `ModelData { model: 0, version: 0, features: 1 }`', src/test/read_model.rs:76:9
thread 'test::read_model::reads_model_data' panicked at 'assertion failed: `(left == right)`
  left: `ModelData { model: 0, version: 0, features: 0 }`,
 right: `ModelData { model: 0, version: 0, features: 1 }`', src/test/read_model.rs:76:9
thread 'test::read_model::reads_model_data' panicked at 'Test failed: assertion failed: `(left == right)`
  left: `ModelData { model: 0, version: 0, features: 0 }`,
 right: `ModelData { model: 0, version: 0, features: 1 }`; minimal failing input: model_data = ModelData { model: 0, version: 0, features: 1 }
	successes: 0
	local rejects: 0
	global rejects: 0
', src/test/read_model.rs:50:1


failures:
    model_data::test::model_data_from_to_bytes_roundtrip
    test::read_model::reads_model_data

test result: FAILED. 16 passed; 2 failed; 0 ignored; 0 measured; 0 filtered out; finished in 2.82s

error: test failed, to rerun pass '--lib'
