
*** replace <??>::reset with () in src/lib.rs:235
*** --- src/lib.rs
+++ replace <??>::reset with ()
@@ -228,22 +228,18 @@
         self.delay.delay_ms(40);
 
         self.until_aux();
 
         Ok(())
     }
 
     pub fn reset(&mut self) {
-        let _ = block!(self.serial.write(0xC4));
-        let _ = block!(self.serial.write(0xC4));
-        let _ = block!(self.serial.write(0xC4));
-
-        self.until_aux();
-    }
+() /* ~ changed by cargo-mutants ~ */
+}
 
     fn until_aux(&mut self) {
         loop {
             // TODO timeouts?
             match self.aux.is_low() {
                 Ok(true) => continue,
                 Ok(false) => break,
                 // TODO error handling.

*** run /home/rafaelbachmann/.rustup/toolchains/nightly-x86_64-unknown-linux-gnu/bin/cargo check --tests
*** cargo result: Exited(0) in 0.301s
*** run /home/rafaelbachmann/.rustup/toolchains/nightly-x86_64-unknown-linux-gnu/bin/cargo build --tests
*** cargo result: Exited(0) in 1.168s
*** run /home/rafaelbachmann/.rustup/toolchains/nightly-x86_64-unknown-linux-gnu/bin/cargo test
*** cargo result: Exited(101) in 3.244sJFXww7)
    Finished test [unoptimized + debuginfo] target(s) in 0.20s
     Running unittests (target/debug/deps/ebyte_e32-067a195f1d2bde63)

running 18 tests
test mode::test::id ... ok
test mode::test::pins_powerdown ... ok
test mode::test::pins_wakeup ... ok
test mode::test::pins_normal ... ok
test test::flushes ... ok
test test::acquire_release ... ok
test mode::test::pins_program ... ok
test test::resets ... FAILED
test test::reads_byte ... ok
test model_data::test::model_data_from_to_bytes_roundtrip ... ok
test test::reads_buffer ... ok
test test::writes_byte ... ok
test test::writes_buffer ... ok
test test::read_model::reads_model_data ... ok
test parameters::test::from_to_bytes_roundtrip ... ok
test test::parameters::read_params::reads_parameters ... ok
test test::parameters::read_params::sets_parameters ... ok
test test::parameters::set_params::sets_parameters ... ok

failures:

---- test::resets stdout ----
thread 'test::resets' panicked at 'serial mock has unsatisfied expectations after call to done', /home/rafaelbachmann/.cargo/registry/src/github.com-1ecc6299db9ec823/embedded-hal-mock-0.8.0/src/serial.rs:340:9
note: run with `RUST_BACKTRACE=1` environment variable to display a backtrace


failures:
    test::resets

test result: FAILED. 17 passed; 1 failed; 0 ignored; 0 measured; 0 filtered out; finished in 3.03s

error: test failed, to rerun pass '--lib'
