
*** replace <??>::reset with Ok(Default::default()) in src/lib.rs:170
*** --- src/lib.rs
+++ replace <??>::reset with Ok(Default::default())
@@ -163,21 +163,18 @@
         }
 
         self.delay.delay_ms(40);
 
         Ok(())
     }
 
     pub fn reset(&mut self) -> Result<(), Error> {
-        Program::set_pins(&mut self.aux, &mut self.m0, &mut self.m1, &mut self.delay);
-        let result = self.perform_reset();
-        Normal::set_pins(&mut self.aux, &mut self.m0, &mut self.m1, &mut self.delay);
-        result
-    }
+Ok(Default::default()) /* ~ changed by cargo-mutants ~ */
+}
 
     fn perform_reset(&mut self) -> Result<(), Error> {
         block!(self.serial.write(0xC4)).map_err(|_| Error::SerialWrite)?;
         block!(self.serial.write(0xC4)).map_err(|_| Error::SerialWrite)?;
         block!(self.serial.write(0xC4)).map_err(|_| Error::SerialWrite)?;
 
         Ok(())
     }

*** run /home/rafaelbachmann/.rustup/toolchains/stable-x86_64-unknown-linux-gnu/bin/cargo check --tests
*** cargo result: Exited(0) in 0.333s
*** run /home/rafaelbachmann/.rustup/toolchains/stable-x86_64-unknown-linux-gnu/bin/cargo build --tests
*** cargo result: Exited(0) in 1.335s
*** run /home/rafaelbachmann/.rustup/toolchains/stable-x86_64-unknown-linux-gnu/bin/cargo test
*** cargo result: Exited(101) in 3.006serated 1 warning
    Finished dev [unoptimized + debuginfo] target(s) in 0.32s
   Compiling ebyte-e32 v0.2.0 (/tmp/.tmpOK8bDN)
warning: associated function is never used: `perform_reset`
   --> src/lib.rs:174:8
    |
174 |     fn perform_reset(&mut self) -> Result<(), Error> {
    |        ^^^^^^^^^^^^^
    |
    = note: `#[warn(dead_code)]` on by default

warning: `ebyte-e32` (lib test) generated 1 warning
    Finished dev [unoptimized + debuginfo] target(s) in 1.32s
   Compiling ebyte-e32 v0.2.0 (/tmp/.tmpOK8bDN)
warning: associated function is never used: `perform_reset`
   --> src/lib.rs:174:8
    |
174 |     fn perform_reset(&mut self) -> Result<(), Error> {
    |        ^^^^^^^^^^^^^
    |
    = note: `#[warn(dead_code)]` on by default

warning: `ebyte-e32` (lib test) generated 1 warning
warning: `ebyte-e32` (lib) generated 1 warning (1 duplicate)
    Finished test [unoptimized + debuginfo] target(s) in 0.24s
     Running unittests (target/debug/deps/ebyte_e32-fa871f114a226b67)

running 17 tests
test mode::test::id ... ok
test mode::test::pins_normal ... ok
test mode::test::pins_powerdown ... ok
test mode::test::pins_program ... ok
test mode::test::pins_wakeup ... ok
test test::acquire_release ... ok
test test::flushes ... ok
test test::resets ... FAILED
test model_data::test::model_data_from_to_bytes_roundtrip ... ok
test test::reads_buffer ... ok
test test::reads_byte ... ok
test test::writes_byte ... ok
test test::writes_buffer ... ok
test test::read_model::reads_model_data ... ok
test parameters::test::from_to_bytes_roundtrip ... ok
test test::parameters::read::reads_parameters ... ok
test test::parameters::write::sets_parameters ... ok

failures:

---- test::resets stdout ----
thread 'test::resets' panicked at 'serial mock has unsatisfied expectations after call to done', /home/rafaelbachmann/.cargo/registry/src/github.com-1ecc6299db9ec823/embedded-hal-mock-0.8.0/src/serial.rs:340:9
note: run with `RUST_BACKTRACE=1` environment variable to display a backtrace


failures:
    test::resets

test result: FAILED. 16 passed; 1 failed; 0 ignored; 0 measured; 0 filtered out; finished in 2.74s

error: test failed, to rerun pass '--lib'
